<?xml version="1.0" encoding="UTF-8"?>
<!-- Generated by org.testng.reporters.JUnitReportReporter -->
<testsuite hostname="LAPTOP-17VHHM9D" name="com.crm.qa.testdata.LoginPageTest" tests="2" failures="0" timestamp="30 Jan 2020 13:04:50 GMT" time="87.141" errors="0">
  <testcase name="LoginTest" time="62.994" classname="com.crm.qa.testdata.LoginPageTest"/>
  <testcase name="loginPageTitleTest" time="24.147" classname="com.crm.qa.testdata.LoginPageTest"/>
</testsuite> <!-- com.crm.qa.testdata.LoginPageTest -->
